<?xml version="1.0" encoding="UTF-8"?>
<!-- Generated by org.testng.reporters.JUnitXMLReporter -->
<testsuite ignored="2" hostname="DESKTOP-30DBSN8" failures="0" tests="1" name="Default test" time="14.76" errors="0" timestamp="2026-06-22T15:43:22 BRT">
  <testcase classname="tests.FirstTest" name="openWay2AutomationAndMemberLogin" time="8.781"/>
  <testcase classname="tests.FirstTest" name="ensureComprarAvailableForKimonoBranco" time="0.0">
    <ignored/>
  </testcase> <!-- ensureComprarAvailableForKimonoBranco -->
  <testcase classname="tests.FirstTest" name="verifyTitle" time="0.0">
    <ignored/>
  </testcase> <!-- verifyTitle -->
</testsuite> <!-- Default test -->
