<?xml version="1.0" encoding="UTF-8"?>
<testng-results ignored="0" total="1" passed="1" failed="0" skipped="0">
  <reporter-output>
  </reporter-output>
  <suite started-at="2026-06-16T18:47:27 BRT" name="Default suite" finished-at="2026-06-16T18:47:28 BRT" duration-ms="1637">
    <groups>
    </groups>
    <test started-at="2026-06-16T18:47:27 BRT" name="Default test" finished-at="2026-06-16T18:47:28 BRT" duration-ms="1637">
      <class name="tests.TestOne">
        <test-method signature="test_1()[pri:0, instance:tests.TestOne@771a660]" started-at="2026-06-16T18:47:27 BRT" name="test_1" finished-at="2026-06-16T18:47:28 BRT" duration-ms="1609" status="PASS">
          <reporter-output>
          </reporter-output>
        </test-method> <!-- test_1 -->
      </class> <!-- tests.TestOne -->
    </test> <!-- Default test -->
  </suite> <!-- Default suite -->
</testng-results>
