<?xml version="1.0" encoding="UTF-8"?>
<testng-results ignored="0" total="1" passed="1" failed="0" skipped="0">
  <reporter-output>
  </reporter-output>
  <suite started-at="2026-06-17T09:52:05 BRT" name="Default suite" finished-at="2026-06-17T09:52:24 BRT" duration-ms="19758">
    <groups>
    </groups>
    <test started-at="2026-06-17T09:52:05 BRT" name="Default test" finished-at="2026-06-17T09:52:24 BRT" duration-ms="19758">
      <class name="tests.Logar">
        <test-method signature="realizarlogin()[pri:0, instance:tests.Logar@46cdf8bd]" started-at="2026-06-17T09:52:05 BRT" name="realizarlogin" finished-at="2026-06-17T09:52:24 BRT" duration-ms="19733" status="PASS">
          <reporter-output>
          </reporter-output>
        </test-method> <!-- realizarlogin -->
      </class> <!-- tests.Logar -->
    </test> <!-- Default test -->
  </suite> <!-- Default suite -->
</testng-results>
