<?xml version="1.0" encoding="UTF-8"?>
<!-- Generated by org.testng.reporters.JUnitXMLReporter -->
<testsuite ignored="0" hostname="DESKTOP-30DBSN8" failures="1" tests="1" name="Default test" time="13.474" errors="0" timestamp="2026-06-26T10:01:39 BRT">
  <testcase classname="io.cucumber.testng.AbstractTestNGCucumberTests" name="runScenario" time="13.096">
    <failure type="java.lang.AssertionError" message="Mensagem esperada não encontrada no body: Acesse sua conta Campo Obrigatório Esqueceu sua senha? Recuperar ENTRAR OU PRIMEIRO ACESSO? CADASTRE-SE COMPROU E NÃO POSSUI SENHA? CADASTRE-SE Nosso horário de atendimento para suporte ou dúvidas é de Segunda à Sexta das 09h às 16h. Pedidos realizados após às 16h serão processados no seguinte dia útil. expected [true] but found [false]">
      <![CDATA[java.lang.AssertionError: Mensagem esperada não encontrada no body: Acesse sua conta Campo Obrigatório Esqueceu sua senha? Recuperar ENTRAR OU PRIMEIRO ACESSO? CADASTRE-SE COMPROU E NÃO POSSUI SENHA? CADASTRE-SE Nosso horário de atendimento para suporte ou dúvidas é de Segunda à Sexta das 09h às 16h. Pedidos realizados após às 16h serão processados no seguinte dia útil. expected [true] but found [false]
at org.testng.Assert.fail(Assert.java:99)
at org.testng.Assert.failNotEquals(Assert.java:1037)
at org.testng.Assert.assertTrue(Assert.java:45)
at steps.LoginSteps.validaMensagem(LoginSteps.java:105)
at ✽.deve exibir "Olá Bruno"(file:///C:/Users/brunello/Desktop/rotina/Cucumber/src/test/resources/features/Login.feature:8)
]]>
    </failure>
  </testcase> <!-- runScenario -->
</testsuite> <!-- Default test -->
